Using pre-set license
Built from '2021.3/staging' branch; Version is '2021.3.16f1 (4016570cf34f) revision 4200023'; Using compiler version '192829333'; Build Type 'Release'
OS: 'Windows 10  (10.0.19045) 64bit Enterprise' Language: 'tr' Physical Memory: 16311 MB
BatchMode: 1, IsHumanControllingUs: 0, StartBugReporterOnCrash: 0, Is64bit: 1, IsPro: 1

COMMAND LINE ARGUMENTS:
D:\2021.3.16f1\Editor\Unity.exe
-adb2
-batchMode
-noUpm
-name
AssetImportWorker0
-projectPath
E:/GitHub/Unity-Learning/FeedOrDie
-logFile
Logs/AssetImportWorker0.log
-srvPort
64907
Successfully changed project path to: E:/GitHub/Unity-Learning/FeedOrDie
E:/GitHub/Unity-Learning/FeedOrDie
[UnityMemory] Configuration Parameters - Can be set up in boot.config
    "memorysetup-bucket-allocator-granularity=16"
    "memorysetup-bucket-allocator-bucket-count=8"
    "memorysetup-bucket-allocator-block-size=33554432"
    "memorysetup-bucket-allocator-block-count=8"
    "memorysetup-main-allocator-block-size=16777216"
    "memorysetup-thread-allocator-block-size=16777216"
    "memorysetup-gfx-main-allocator-block-size=16777216"
    "memorysetup-gfx-thread-allocator-block-size=16777216"
    "memorysetup-cache-allocator-block-size=4194304"
    "memorysetup-typetree-allocator-block-size=2097152"
    "memorysetup-profiler-bucket-allocator-granularity=16"
    "memorysetup-profiler-bucket-allocator-bucket-count=8"
    "memorysetup-profiler-bucket-allocator-block-size=33554432"
    "memorysetup-profiler-bucket-allocator-block-count=8"
    "memorysetup-profiler-allocator-block-size=16777216"
    "memorysetup-profiler-editor-allocator-block-size=1048576"
    "memorysetup-temp-allocator-size-main=16777216"
    "memorysetup-job-temp-allocator-block-size=2097152"
    "memorysetup-job-temp-allocator-block-size-background=1048576"
    "memorysetup-job-temp-allocator-reduction-small-platforms=262144"
    "memorysetup-temp-allocator-size-background-worker=32768"
    "memorysetup-temp-allocator-size-job-worker=262144"
    "memorysetup-temp-allocator-size-preload-manager=33554432"
    "memorysetup-temp-allocator-size-nav-mesh-worker=65536"
    "memorysetup-temp-allocator-size-audio-worker=65536"
    "memorysetup-temp-allocator-size-cloud-worker=32768"
    "memorysetup-temp-allocator-size-gi-baking-worker=262144"
    "memorysetup-temp-allocator-size-gfx=262144"
Player connection [19668] Host "[IP] 192.168.1.40 [Port] 0 [Flags] 2 [Guid] 3753212134 [EditorId] 3753212134 [Version] 1048832 [Id] WindowsEditor(7,DESKTOP-LI0F63V) [Debug] 1 [PackageName] WindowsEditor [ProjectName] Editor" joined multi-casting on [225.0.0.222:54997]...

Player connection [19668] Host "[IP] 192.168.1.40 [Port] 0 [Flags] 2 [Guid] 3753212134 [EditorId] 3753212134 [Version] 1048832 [Id] WindowsEditor(7,DESKTOP-LI0F63V) [Debug] 1 [PackageName] WindowsEditor [ProjectName] Editor" joined alternative multi-casting on [225.0.0.222:34997]...

Refreshing native plugins compatible for Editor in 70.23 ms, found 3 plugins.
Preloading 0 native plugins for Editor in 0.00 ms.
Initialize engine version: 2021.3.16f1 (4016570cf34f)
[Subsystems] Discovering subsystems at path D:/2021.3.16f1/Editor/Data/Resources/UnitySubsystems
[Subsystems] Discovering subsystems at path E:/GitHub/Unity-Learning/FeedOrDie/Assets
GfxDevice: creating device client; threaded=0; jobified=0
Direct3D:
    Version:  Direct3D 11.0 [level 11.1]
    Renderer: NVIDIA GeForce RTX 2060 (ID=0x1e89)
    Vendor:   NVIDIA
    VRAM:     5958 MB
    Driver:   31.0.15.2698
Initialize mono
Mono path[0] = 'D:/2021.3.16f1/Editor/Data/Managed'
Mono path[1] = 'D:/2021.3.16f1/Editor/Data/MonoBleedingEdge/lib/mono/unityjit-win32'
Mono config path = 'D:/2021.3.16f1/Editor/Data/MonoBleedingEdge/etc'
Using monoOptions --debugger-agent=transport=dt_socket,embedding=1,server=y,suspend=n,address=127.0.0.1:56680
Begin MonoManager ReloadAssembly
Registering precompiled unity dll's ...
Register platform support module: D:/2021.3.16f1/Editor/Data/PlaybackEngines/WindowsStandaloneSupport/UnityEditor.WindowsStandalone.Extensions.dll
Registered in 0.001999 seconds.
Native extension for WindowsStandalone target not found
Refreshing native plugins compatible for Editor in 70.96 ms, found 3 plugins.
Preloading 0 native plugins for Editor in 0.00 ms.
Mono: successfully reloaded assembly
- Completed reload, in  0.507 seconds
Domain Reload Profiling:
	ReloadAssembly (508ms)
		BeginReloadAssembly (69ms)
			ExecutionOrderSort (0ms)
			DisableScriptedObjects (0ms)
			BackupInstance (0ms)
			ReleaseScriptingObjects (0ms)
			CreateAndSetChildDomain (1ms)
		EndReloadAssembly (357ms)
			LoadAssemblies (68ms)
			RebuildTransferFunctionScriptingTraits (0ms)
			SetupTypeCache (87ms)
			ReleaseScriptCaches (0ms)
			RebuildScriptCaches (24ms)
			SetupLoadedEditorAssemblies (210ms)
				LogAssemblyErrors (0ms)
				InitializePlatformSupportModulesInManaged (5ms)
				SetLoadedEditorAssemblies (0ms)
				RefreshPlugins (71ms)
				BeforeProcessingInitializeOnLoad (1ms)
				ProcessInitializeOnLoadAttributes (97ms)
				ProcessInitializeOnLoadMethodAttributes (35ms)
				AfterProcessingInitializeOnLoad (0ms)
				EditorAssembliesLoaded (0ms)
			ExecutionOrderSort2 (0ms)
			AwakeInstancesAfterBackupRestoration (0ms)
Platform modules already initialized, skipping
Registering precompiled user dll's ...
Registered in 0.004365 seconds.
Begin MonoManager ReloadAssembly
Symbol file LoadedFromMemory doesn't match image E:\GitHub\Unity-Learning\FeedOrDie\Library\PackageCache\com.unity.visualscripting@1.7.8\Editor\VisualScripting.Core\Dependencies\YamlDotNet\Unity.VisualScripting.YamlDotNet.dll
Symbol file LoadedFromMemory doesn't match image E:\GitHub\Unity-Learning\FeedOrDie\Library\PackageCache\com.unity.visualscripting@1.7.8\Editor\VisualScripting.Core\Dependencies\DotNetZip\Unity.VisualScripting.IonicZip.dll
Native extension for WindowsStandalone target not found
Refreshing native plugins compatible for Editor in 0.50 ms, found 3 plugins.
Preloading 0 native plugins for Editor in 0.00 ms.
Mono: successfully reloaded assembly
- Completed reload, in  0.827 seconds
Domain Reload Profiling:
	ReloadAssembly (828ms)
		BeginReloadAssembly (100ms)
			ExecutionOrderSort (0ms)
			DisableScriptedObjects (5ms)
			BackupInstance (0ms)
			ReleaseScriptingObjects (0ms)
			CreateAndSetChildDomain (17ms)
		EndReloadAssembly (634ms)
			LoadAssemblies (80ms)
			RebuildTransferFunctionScriptingTraits (0ms)
			SetupTypeCache (220ms)
			ReleaseScriptCaches (1ms)
			RebuildScriptCaches (40ms)
			SetupLoadedEditorAssemblies (279ms)
				LogAssemblyErrors (0ms)
				InitializePlatformSupportModulesInManaged (3ms)
				SetLoadedEditorAssemblies (0ms)
				RefreshPlugins (1ms)
				BeforeProcessingInitializeOnLoad (68ms)
				ProcessInitializeOnLoadAttributes (185ms)
				ProcessInitializeOnLoadMethodAttributes (20ms)
				AfterProcessingInitializeOnLoad (2ms)
				EditorAssembliesLoaded (0ms)
			ExecutionOrderSort2 (0ms)
			AwakeInstancesAfterBackupRestoration (5ms)
Platform modules already initialized, skipping
========================================================================
Worker process is ready to serve import requests
Launched and connected shader compiler UnityShaderCompiler.exe after 0.05 seconds
Refreshing native plugins compatible for Editor in 0.64 ms, found 3 plugins.
Preloading 0 native plugins for Editor in 0.00 ms.
Unloading 3366 Unused Serialized files (Serialized files now loaded: 0)
Unloading 27 unused Assets / (113.8 KB). Loaded Objects now: 3824.
Memory consumption went from 116.1 MB to 115.9 MB.
Total: 3.081200 ms (FindLiveObjects: 0.322700 ms CreateObjectMapping: 0.093100 ms MarkObjects: 2.548400 ms  DeleteObjects: 0.116200 ms)

AssetImportParameters requested are different than current active one (requested -> active):
  custom:video-decoder-ogg-theora: a1e56fd34408186e4bbccfd4996cb3dc -> 
  custom:container-muxer-webm: aa71ff27fc2769a1b78a27578f13a17b -> 
  custom:container-demuxer-webm: 4f35f7cbe854078d1ac9338744f61a02 -> 
  custom:video-encoder-webm-vp8: eb34c28f22e8b96e1ab97ce403110664 -> 
  custom:audio-encoder-webm-vorbis: bf7c407c2cedff20999df2af8eb42d56 -> 
  custom:framework-win-MediaFoundation: 216162199b28c13a410421893ffa2e32 -> 
  custom:container-demuxer-ogg: 62fdf1f143b41e24485cea50d1cbac27 -> 
  custom:video-decoder-webm-vp8: 9c59270c3fd7afecdb556c50c9e8de78 -> 
  custom:audio-decoder-ogg-vorbis: bf7c407c2cedff20999df2af8eb42d56 -> 
========================================================================
Received Import Request.
  Time since last request: 9991.966863 seconds.
  path: Assets/Prefabs/Animal_Fox_02.prefab
  artifactKey: Guid(044c2997d73d36a4ea2f6a097fd7b57e) Importer(815301076,1909f56bfc062723c751e8b465ee728b)
Start importing Assets/Prefabs/Animal_Fox_02.prefab using Guid(044c2997d73d36a4ea2f6a097fd7b57e) Importer(815301076,1909f56bfc062723c751e8b465ee728b)  -> (artifact id: '8dccdee5df72318654409060b1144b33') in 0.297963 seconds 
========================================================================
Received Import Request.
  Time since last request: 71.019757 seconds.
  path: Assets/Prefabs/Animal_Doe_02.prefab
  artifactKey: Guid(8918b6cc5042cc243a37f8b9d57f34b9) Importer(815301076,1909f56bfc062723c751e8b465ee728b)
Start importing Assets/Prefabs/Animal_Doe_02.prefab using Guid(8918b6cc5042cc243a37f8b9d57f34b9) Importer(815301076,1909f56bfc062723c751e8b465ee728b)  -> (artifact id: 'a436530f992729b5bfba68baed556b73') in 0.029392 seconds 
========================================================================
Received Import Request.
  Time since last request: 0.000022 seconds.
  path: Assets/Prefabs/Animal_Stag_01.prefab
  artifactKey: Guid(2cbb97b978731d44b9a6c60a93058eac) Importer(815301076,1909f56bfc062723c751e8b465ee728b)
Start importing Assets/Prefabs/Animal_Stag_01.prefab using Guid(2cbb97b978731d44b9a6c60a93058eac) Importer(815301076,1909f56bfc062723c751e8b465ee728b)  -> (artifact id: '2e351993e6e19d276e0953ab26c21fb0') in 0.017524 seconds 
========================================================================
Received Prepare
Registering precompiled user dll's ...
Registered in 0.004177 seconds.
Begin MonoManager ReloadAssembly
Symbol file LoadedFromMemory doesn't match image E:\GitHub\Unity-Learning\FeedOrDie\Library\PackageCache\com.unity.visualscripting@1.7.8\Editor\VisualScripting.Core\Dependencies\YamlDotNet\Unity.VisualScripting.YamlDotNet.dll
Symbol file LoadedFromMemory doesn't match image E:\GitHub\Unity-Learning\FeedOrDie\Library\PackageCache\com.unity.visualscripting@1.7.8\Editor\VisualScripting.Core\Dependencies\DotNetZip\Unity.VisualScripting.IonicZip.dll
Native extension for WindowsStandalone target not found
Refreshing native plugins compatible for Editor in 0.48 ms, found 3 plugins.
Preloading 0 native plugins for Editor in 0.00 ms.
Mono: successfully reloaded assembly
- Completed reload, in  0.838 seconds
Domain Reload Profiling:
	ReloadAssembly (838ms)
		BeginReloadAssembly (139ms)
			ExecutionOrderSort (0ms)
			DisableScriptedObjects (4ms)
			BackupInstance (0ms)
			ReleaseScriptingObjects (0ms)
			CreateAndSetChildDomain (33ms)
		EndReloadAssembly (621ms)
			LoadAssemblies (100ms)
			RebuildTransferFunctionScriptingTraits (0ms)
			SetupTypeCache (230ms)
			ReleaseScriptCaches (1ms)
			RebuildScriptCaches (38ms)
			SetupLoadedEditorAssemblies (250ms)
				LogAssemblyErrors (0ms)
				InitializePlatformSupportModulesInManaged (9ms)
				SetLoadedEditorAssemblies (0ms)
				RefreshPlugins (1ms)
				BeforeProcessingInitializeOnLoad (50ms)
				ProcessInitializeOnLoadAttributes (169ms)
				ProcessInitializeOnLoadMethodAttributes (20ms)
				AfterProcessingInitializeOnLoad (2ms)
				EditorAssembliesLoaded (0ms)
			ExecutionOrderSort2 (0ms)
			AwakeInstancesAfterBackupRestoration (6ms)
Platform modules already initialized, skipping
Refreshing native plugins compatible for Editor in 1.61 ms, found 3 plugins.
Preloading 0 native plugins for Editor in 0.00 ms.
Unloading 3361 Unused Serialized files (Serialized files now loaded: 0)
Unloading 20 unused Assets / (80.2 KB). Loaded Objects now: 3836.
Memory consumption went from 133.0 MB to 132.9 MB.
Total: 2.949300 ms (FindLiveObjects: 0.265800 ms CreateObjectMapping: 0.080800 ms MarkObjects: 2.501600 ms  DeleteObjects: 0.100100 ms)

AssetImportParameters requested are different than current active one (requested -> active):
  custom:video-decoder-ogg-theora: a1e56fd34408186e4bbccfd4996cb3dc -> 
  custom:container-muxer-webm: aa71ff27fc2769a1b78a27578f13a17b -> 
  custom:container-demuxer-webm: 4f35f7cbe854078d1ac9338744f61a02 -> 
  custom:video-encoder-webm-vp8: eb34c28f22e8b96e1ab97ce403110664 -> 
  custom:audio-encoder-webm-vorbis: bf7c407c2cedff20999df2af8eb42d56 -> 
  custom:framework-win-MediaFoundation: 216162199b28c13a410421893ffa2e32 -> 
  custom:container-demuxer-ogg: 62fdf1f143b41e24485cea50d1cbac27 -> 
  custom:video-decoder-webm-vp8: 9c59270c3fd7afecdb556c50c9e8de78 -> 
  custom:audio-decoder-ogg-vorbis: bf7c407c2cedff20999df2af8eb42d56 -> 
========================================================================
Received Import Request.
  Time since last request: 4.655072 seconds.
  path: Assets/Prefabs/Animal_Fox_02.prefab
  artifactKey: Guid(044c2997d73d36a4ea2f6a097fd7b57e) Importer(815301076,1909f56bfc062723c751e8b465ee728b)
Start importing Assets/Prefabs/Animal_Fox_02.prefab using Guid(044c2997d73d36a4ea2f6a097fd7b57e) Importer(815301076,1909f56bfc062723c751e8b465ee728b)  -> (artifact id: 'e1494f842203cca5e8530a5e5c899f2d') in 0.071855 seconds 
========================================================================
Received Import Request.
  Time since last request: 0.000019 seconds.
  path: Assets/Prefabs/Animal_Doe_02.prefab
  artifactKey: Guid(8918b6cc5042cc243a37f8b9d57f34b9) Importer(815301076,1909f56bfc062723c751e8b465ee728b)
Start importing Assets/Prefabs/Animal_Doe_02.prefab using Guid(8918b6cc5042cc243a37f8b9d57f34b9) Importer(815301076,1909f56bfc062723c751e8b465ee728b)  -> (artifact id: 'a23904d21b37a0c7b9bd962bb6e55201') in 0.015017 seconds 
========================================================================
Received Prepare
Registering precompiled user dll's ...
Registered in 0.005583 seconds.
Begin MonoManager ReloadAssembly
Symbol file LoadedFromMemory doesn't match image E:\GitHub\Unity-Learning\FeedOrDie\Library\PackageCache\com.unity.visualscripting@1.7.8\Editor\VisualScripting.Core\Dependencies\YamlDotNet\Unity.VisualScripting.YamlDotNet.dll
Symbol file LoadedFromMemory doesn't match image E:\GitHub\Unity-Learning\FeedOrDie\Library\PackageCache\com.unity.visualscripting@1.7.8\Editor\VisualScripting.Core\Dependencies\DotNetZip\Unity.VisualScripting.IonicZip.dll
Native extension for WindowsStandalone target not found
Refreshing native plugins compatible for Editor in 0.65 ms, found 3 plugins.
Preloading 0 native plugins for Editor in 0.00 ms.
Mono: successfully reloaded assembly
- Completed reload, in  0.849 seconds
Domain Reload Profiling:
	ReloadAssembly (850ms)
		BeginReloadAssembly (141ms)
			ExecutionOrderSort (0ms)
			DisableScriptedObjects (6ms)
			BackupInstance (0ms)
			ReleaseScriptingObjects (0ms)
			CreateAndSetChildDomain (34ms)
		EndReloadAssembly (629ms)
			LoadAssemblies (97ms)
			RebuildTransferFunctionScriptingTraits (0ms)
			SetupTypeCache (230ms)
			ReleaseScriptCaches (1ms)
			RebuildScriptCaches (33ms)
			SetupLoadedEditorAssemblies (263ms)
				LogAssemblyErrors (0ms)
				InitializePlatformSupportModulesInManaged (9ms)
				SetLoadedEditorAssemblies (0ms)
				RefreshPlugins (1ms)
				BeforeProcessingInitializeOnLoad (53ms)
				ProcessInitializeOnLoadAttributes (176ms)
				ProcessInitializeOnLoadMethodAttributes (21ms)
				AfterProcessingInitializeOnLoad (2ms)
				EditorAssembliesLoaded (0ms)
			ExecutionOrderSort2 (0ms)
			AwakeInstancesAfterBackupRestoration (5ms)
Platform modules already initialized, skipping
Refreshing native plugins compatible for Editor in 1.97 ms, found 3 plugins.
Preloading 0 native plugins for Editor in 0.00 ms.
Unloading 3361 Unused Serialized files (Serialized files now loaded: 0)
Unloading 20 unused Assets / (80.2 KB). Loaded Objects now: 3839.
Memory consumption went from 133.1 MB to 133.0 MB.
Total: 2.876700 ms (FindLiveObjects: 0.311900 ms CreateObjectMapping: 0.089800 ms MarkObjects: 2.375900 ms  DeleteObjects: 0.098300 ms)

AssetImportParameters requested are different than current active one (requested -> active):
  custom:video-decoder-ogg-theora: a1e56fd34408186e4bbccfd4996cb3dc -> 
  custom:container-muxer-webm: aa71ff27fc2769a1b78a27578f13a17b -> 
  custom:container-demuxer-webm: 4f35f7cbe854078d1ac9338744f61a02 -> 
  custom:video-encoder-webm-vp8: eb34c28f22e8b96e1ab97ce403110664 -> 
  custom:audio-encoder-webm-vorbis: bf7c407c2cedff20999df2af8eb42d56 -> 
  custom:framework-win-MediaFoundation: 216162199b28c13a410421893ffa2e32 -> 
  custom:container-demuxer-ogg: 62fdf1f143b41e24485cea50d1cbac27 -> 
  custom:video-decoder-webm-vp8: 9c59270c3fd7afecdb556c50c9e8de78 -> 
  custom:audio-decoder-ogg-vorbis: bf7c407c2cedff20999df2af8eb42d56 -> 
========================================================================
Received Import Request.
  Time since last request: 52.433845 seconds.
  path: Assets/Scripts/DetectColisions.cs
  artifactKey: Guid(e7d4e1a997ec49f42b6ddfd2d32edd6b) Importer(815301076,1909f56bfc062723c751e8b465ee728b)
Start importing Assets/Scripts/DetectColisions.cs using Guid(e7d4e1a997ec49f42b6ddfd2d32edd6b) Importer(815301076,1909f56bfc062723c751e8b465ee728b)  -> (artifact id: '563d437d17bd25a1e19ca90f97692e0b') in 0.015770 seconds 
========================================================================
Received Import Request.
  Time since last request: 57.051973 seconds.
  path: Assets/Scripts/PlayerController.cs
  artifactKey: Guid(5923d4b6476bc7f4d97f50d7da820233) Importer(815301076,1909f56bfc062723c751e8b465ee728b)
Start importing Assets/Scripts/PlayerController.cs using Guid(5923d4b6476bc7f4d97f50d7da820233) Importer(815301076,1909f56bfc062723c751e8b465ee728b)  -> (artifact id: 'e67379c11732e85ddc647fb32d387440') in 0.006639 seconds 
========================================================================
Received Prepare
Registering precompiled user dll's ...
Registered in 0.004130 seconds.
Begin MonoManager ReloadAssembly
Symbol file LoadedFromMemory doesn't match image E:\GitHub\Unity-Learning\FeedOrDie\Library\PackageCache\com.unity.visualscripting@1.7.8\Editor\VisualScripting.Core\Dependencies\YamlDotNet\Unity.VisualScripting.YamlDotNet.dll
Symbol file LoadedFromMemory doesn't match image E:\GitHub\Unity-Learning\FeedOrDie\Library\PackageCache\com.unity.visualscripting@1.7.8\Editor\VisualScripting.Core\Dependencies\DotNetZip\Unity.VisualScripting.IonicZip.dll
Native extension for WindowsStandalone target not found
Refreshing native plugins compatible for Editor in 0.64 ms, found 3 plugins.
Preloading 0 native plugins for Editor in 0.00 ms.
Mono: successfully reloaded assembly
- Completed reload, in  0.840 seconds
Domain Reload Profiling:
	ReloadAssembly (841ms)
		BeginReloadAssembly (153ms)
			ExecutionOrderSort (0ms)
			DisableScriptedObjects (5ms)
			BackupInstance (0ms)
			ReleaseScriptingObjects (0ms)
			CreateAndSetChildDomain (38ms)
		EndReloadAssembly (606ms)
			LoadAssemblies (110ms)
			RebuildTransferFunctionScriptingTraits (0ms)
			SetupTypeCache (230ms)
			ReleaseScriptCaches (1ms)
			RebuildScriptCaches (32ms)
			SetupLoadedEditorAssemblies (237ms)
				LogAssemblyErrors (0ms)
				InitializePlatformSupportModulesInManaged (9ms)
				SetLoadedEditorAssemblies (0ms)
				RefreshPlugins (1ms)
				BeforeProcessingInitializeOnLoad (50ms)
				ProcessInitializeOnLoadAttributes (156ms)
				ProcessInitializeOnLoadMethodAttributes (18ms)
				AfterProcessingInitializeOnLoad (3ms)
				EditorAssembliesLoaded (0ms)
			ExecutionOrderSort2 (0ms)
			AwakeInstancesAfterBackupRestoration (6ms)
Platform modules already initialized, skipping
Refreshing native plugins compatible for Editor in 1.60 ms, found 3 plugins.
Preloading 0 native plugins for Editor in 0.00 ms.
Unloading 3361 Unused Serialized files (Serialized files now loaded: 0)
Unloading 20 unused Assets / (80.3 KB). Loaded Objects now: 3842.
Memory consumption went from 133.1 MB to 133.1 MB.
Total: 2.793000 ms (FindLiveObjects: 0.298900 ms CreateObjectMapping: 0.092900 ms MarkObjects: 2.300800 ms  DeleteObjects: 0.099200 ms)

AssetImportParameters requested are different than current active one (requested -> active):
  custom:video-decoder-ogg-theora: a1e56fd34408186e4bbccfd4996cb3dc -> 
  custom:container-muxer-webm: aa71ff27fc2769a1b78a27578f13a17b -> 
  custom:container-demuxer-webm: 4f35f7cbe854078d1ac9338744f61a02 -> 
  custom:video-encoder-webm-vp8: eb34c28f22e8b96e1ab97ce403110664 -> 
  custom:audio-encoder-webm-vorbis: bf7c407c2cedff20999df2af8eb42d56 -> 
  custom:framework-win-MediaFoundation: 216162199b28c13a410421893ffa2e32 -> 
  custom:container-demuxer-ogg: 62fdf1f143b41e24485cea50d1cbac27 -> 
  custom:video-decoder-webm-vp8: 9c59270c3fd7afecdb556c50c9e8de78 -> 
  custom:audio-decoder-ogg-vorbis: bf7c407c2cedff20999df2af8eb42d56 -> 
========================================================================
Received Import Request.
  Time since last request: 208.542039 seconds.
  path: Assets/Prefabs/Animal_Doe_02.prefab
  artifactKey: Guid(8918b6cc5042cc243a37f8b9d57f34b9) Importer(815301076,1909f56bfc062723c751e8b465ee728b)
Start importing Assets/Prefabs/Animal_Doe_02.prefab using Guid(8918b6cc5042cc243a37f8b9d57f34b9) Importer(815301076,1909f56bfc062723c751e8b465ee728b)  -> (artifact id: 'eaea1629d4b8d6e05e1e551f50261956') in 0.077721 seconds 
========================================================================
Received Import Request.
  Time since last request: 0.000023 seconds.
  path: Assets/Prefabs/Animal_Stag_01.prefab
  artifactKey: Guid(2cbb97b978731d44b9a6c60a93058eac) Importer(815301076,1909f56bfc062723c751e8b465ee728b)
Start importing Assets/Prefabs/Animal_Stag_01.prefab using Guid(2cbb97b978731d44b9a6c60a93058eac) Importer(815301076,1909f56bfc062723c751e8b465ee728b)  -> (artifact id: 'a541cf75cd2aa5abc11916fb159afa66') in 0.014267 seconds 
========================================================================
Received Prepare
Registering precompiled user dll's ...
Registered in 0.004887 seconds.
Begin MonoManager ReloadAssembly
Symbol file LoadedFromMemory doesn't match image E:\GitHub\Unity-Learning\FeedOrDie\Library\PackageCache\com.unity.visualscripting@1.7.8\Editor\VisualScripting.Core\Dependencies\YamlDotNet\Unity.VisualScripting.YamlDotNet.dll
Symbol file LoadedFromMemory doesn't match image E:\GitHub\Unity-Learning\FeedOrDie\Library\PackageCache\com.unity.visualscripting@1.7.8\Editor\VisualScripting.Core\Dependencies\DotNetZip\Unity.VisualScripting.IonicZip.dll
Native extension for WindowsStandalone target not found
Refreshing native plugins compatible for Editor in 0.64 ms, found 3 plugins.
Preloading 0 native plugins for Editor in 0.00 ms.
Mono: successfully reloaded assembly
- Completed reload, in  0.878 seconds
Domain Reload Profiling:
	ReloadAssembly (878ms)
		BeginReloadAssembly (211ms)
			ExecutionOrderSort (0ms)
			DisableScriptedObjects (4ms)
			BackupInstance (0ms)
			ReleaseScriptingObjects (0ms)
			CreateAndSetChildDomain (32ms)
		EndReloadAssembly (590ms)
			LoadAssemblies (107ms)
			RebuildTransferFunctionScriptingTraits (0ms)
			SetupTypeCache (215ms)
			ReleaseScriptCaches (1ms)
			RebuildScriptCaches (31ms)
			SetupLoadedEditorAssemblies (243ms)
				LogAssemblyErrors (0ms)
				InitializePlatformSupportModulesInManaged (9ms)
				SetLoadedEditorAssemblies (0ms)
				RefreshPlugins (1ms)
				BeforeProcessingInitializeOnLoad (49ms)
				ProcessInitializeOnLoadAttributes (163ms)
				ProcessInitializeOnLoadMethodAttributes (19ms)
				AfterProcessingInitializeOnLoad (2ms)
				EditorAssembliesLoaded (0ms)
			ExecutionOrderSort2 (0ms)
			AwakeInstancesAfterBackupRestoration (5ms)
Platform modules already initialized, skipping
Refreshing native plugins compatible for Editor in 2.02 ms, found 3 plugins.
Preloading 0 native plugins for Editor in 0.00 ms.
Unloading 3361 Unused Serialized files (Serialized files now loaded: 0)
Unloading 20 unused Assets / (80.3 KB). Loaded Objects now: 3845.
Memory consumption went from 133.0 MB to 133.0 MB.
Total: 2.956700 ms (FindLiveObjects: 0.284100 ms CreateObjectMapping: 0.280400 ms MarkObjects: 2.288100 ms  DeleteObjects: 0.103300 ms)

AssetImportParameters requested are different than current active one (requested -> active):
  custom:video-decoder-ogg-theora: a1e56fd34408186e4bbccfd4996cb3dc -> 
  custom:container-muxer-webm: aa71ff27fc2769a1b78a27578f13a17b -> 
  custom:container-demuxer-webm: 4f35f7cbe854078d1ac9338744f61a02 -> 
  custom:video-encoder-webm-vp8: eb34c28f22e8b96e1ab97ce403110664 -> 
  custom:audio-encoder-webm-vorbis: bf7c407c2cedff20999df2af8eb42d56 -> 
  custom:framework-win-MediaFoundation: 216162199b28c13a410421893ffa2e32 -> 
  custom:container-demuxer-ogg: 62fdf1f143b41e24485cea50d1cbac27 -> 
  custom:video-decoder-webm-vp8: 9c59270c3fd7afecdb556c50c9e8de78 -> 
  custom:audio-decoder-ogg-vorbis: bf7c407c2cedff20999df2af8eb42d56 -> 
========================================================================
Received Import Request.
  Time since last request: 16.961085 seconds.
  path: Assets/Course Library/Animals/Forest/Animal_Stag_02.prefab
  artifactKey: Guid(e2b54f18a442ae84cb37b05e649edfc0) Importer(815301076,1909f56bfc062723c751e8b465ee728b)
Start importing Assets/Course Library/Animals/Forest/Animal_Stag_02.prefab using Guid(e2b54f18a442ae84cb37b05e649edfc0) Importer(815301076,1909f56bfc062723c751e8b465ee728b)  -> (artifact id: '514152188e00a3e5b9bdcad605282edf') in 0.073040 seconds 
========================================================================
Received Import Request.
  Time since last request: 0.000025 seconds.
  path: Assets/Course Library/Animals/Dogs/Dog_BullTerrier_01.prefab
  artifactKey: Guid(09fd058ab758a754d8c7c1b690b4f068) Importer(815301076,1909f56bfc062723c751e8b465ee728b)
Start importing Assets/Course Library/Animals/Dogs/Dog_BullTerrier_01.prefab using Guid(09fd058ab758a754d8c7c1b690b4f068) Importer(815301076,1909f56bfc062723c751e8b465ee728b)  -> (artifact id: '0f37e852ce21d154acfecc69d145ff3c') in 1.521763 seconds 
========================================================================
Received Import Request.
  Time since last request: 0.000031 seconds.
  path: Assets/Course Library/Animals/Farm/Animal_Chicken_White.prefab
  artifactKey: Guid(9bf484c5ec3d3bf43b2034c829f1abbe) Importer(815301076,1909f56bfc062723c751e8b465ee728b)
Start importing Assets/Course Library/Animals/Farm/Animal_Chicken_White.prefab using Guid(9bf484c5ec3d3bf43b2034c829f1abbe) Importer(815301076,1909f56bfc062723c751e8b465ee728b)  -> (artifact id: 'bde11b8b03e8d5a53fc78fb0c73d2e62') in 4.172681 seconds 
========================================================================
Received Import Request.
  Time since last request: 0.000035 seconds.
  path: Assets/Course Library/Animals/Farm/Animal_Cow_White.prefab
  artifactKey: Guid(85de8c5eef336ad48900b2ac3e7bf65d) Importer(815301076,1909f56bfc062723c751e8b465ee728b)
Start importing Assets/Course Library/Animals/Farm/Animal_Cow_White.prefab using Guid(85de8c5eef336ad48900b2ac3e7bf65d) Importer(815301076,1909f56bfc062723c751e8b465ee728b)  -> (artifact id: '4652bbbb6e04ac7136a2a4dc6311a0e9') in 0.109415 seconds 
========================================================================
Received Import Request.
  Time since last request: 0.000018 seconds.
  path: Assets/Course Library/Animals/Forest/Animal_Fox_02.prefab
  artifactKey: Guid(d08ba223a91fb3440afcbed27fafa936) Importer(815301076,1909f56bfc062723c751e8b465ee728b)
Start importing Assets/Course Library/Animals/Forest/Animal_Fox_02.prefab using Guid(d08ba223a91fb3440afcbed27fafa936) Importer(815301076,1909f56bfc062723c751e8b465ee728b)  -> (artifact id: 'b10165cc61acc382d392cb356a111721') in 0.037691 seconds 
========================================================================
Received Import Request.
  Time since last request: 0.000020 seconds.
  path: Assets/Course Library/Animals/Farm/Animal_Horse_Black.prefab
  artifactKey: Guid(03e4c5418c1e9164bb1955135d815833) Importer(815301076,1909f56bfc062723c751e8b465ee728b)
Start importing Assets/Course Library/Animals/Farm/Animal_Horse_Black.prefab using Guid(03e4c5418c1e9164bb1955135d815833) Importer(815301076,1909f56bfc062723c751e8b465ee728b)  -> (artifact id: '82dc5b946887638ba47ddff21d528c32') in 0.176934 seconds 
========================================================================
Received Import Request.
  Time since last request: 0.000016 seconds.
  path: Assets/Course Library/Animals/Forest/Animal_Doe_02.prefab
  artifactKey: Guid(2fdf2b8525a6fa54ba867925b16564e3) Importer(815301076,1909f56bfc062723c751e8b465ee728b)
Start importing Assets/Course Library/Animals/Forest/Animal_Doe_02.prefab using Guid(2fdf2b8525a6fa54ba867925b16564e3) Importer(815301076,1909f56bfc062723c751e8b465ee728b)  -> (artifact id: '7aee8476a77cd3e7aea390eb3686b85b') in 0.049369 seconds 
========================================================================
Received Import Request.
  Time since last request: 19.260092 seconds.
  path: Assets/Course Library/Animals/Dogs/Dog_GermanShepherd_01.prefab
  artifactKey: Guid(3b3cb28f974c42c4481d72da460937c9) Importer(815301076,1909f56bfc062723c751e8b465ee728b)
Start importing Assets/Course Library/Animals/Dogs/Dog_GermanShepherd_01.prefab using Guid(3b3cb28f974c42c4481d72da460937c9) Importer(815301076,1909f56bfc062723c751e8b465ee728b)  -> (artifact id: 'dcf4fcb9a7a63624361d63d6449bbe80') in 0.038725 seconds 
========================================================================
Received Import Request.
  Time since last request: 11.726370 seconds.
  path: Assets/Course Library/Animals/Dogs/Dog_RhodesianRidgeback_01.prefab
  artifactKey: Guid(957efc93c4488964582c89c0bf939bf0) Importer(815301076,1909f56bfc062723c751e8b465ee728b)
Start importing Assets/Course Library/Animals/Dogs/Dog_RhodesianRidgeback_01.prefab using Guid(957efc93c4488964582c89c0bf939bf0) Importer(815301076,1909f56bfc062723c751e8b465ee728b)  -> (artifact id: '318aa200735b51af9dc2544b29bac373') in 0.079502 seconds 
========================================================================
Received Import Request.
  Time since last request: 0.001047 seconds.
  path: Assets/Course Library/Food/Food_Bone_01.prefab
  artifactKey: Guid(1f17d257118ec324ca772c5b2bacbb14) Importer(815301076,1909f56bfc062723c751e8b465ee728b)
Start importing Assets/Course Library/Food/Food_Bone_01.prefab using Guid(1f17d257118ec324ca772c5b2bacbb14) Importer(815301076,1909f56bfc062723c751e8b465ee728b)  -> (artifact id: '829d8cbca340437c4ef9443cfb152136') in 0.099332 seconds 
========================================================================
Received Import Request.
  Time since last request: 0.002971 seconds.
  path: Assets/Course Library/Food/Food_EnergyCan_01.prefab
  artifactKey: Guid(f9125fa89572f1e40bb082978a85b951) Importer(815301076,1909f56bfc062723c751e8b465ee728b)
Start importing Assets/Course Library/Food/Food_EnergyCan_01.prefab using Guid(f9125fa89572f1e40bb082978a85b951) Importer(815301076,1909f56bfc062723c751e8b465ee728b)  -> (artifact id: '1641088febb0f88cfda92d2fdb462028') in 0.348324 seconds 
========================================================================
Received Import Request.
  Time since last request: 0.000021 seconds.
  path: Assets/Course Library/Food/Food_Fish_Cooked.prefab
  artifactKey: Guid(245ebd2bf811d4f45a1d5dcd8c327131) Importer(815301076,1909f56bfc062723c751e8b465ee728b)
Start importing Assets/Course Library/Food/Food_Fish_Cooked.prefab using Guid(245ebd2bf811d4f45a1d5dcd8c327131) Importer(815301076,1909f56bfc062723c751e8b465ee728b)  -> (artifact id: '288711454a4e6fda879193dfdc6f7084') in 0.049662 seconds 
========================================================================
Received Import Request.
  Time since last request: 3.063990 seconds.
  path: Assets/Course Library/Food/Food_Organic_Carrot.prefab
  artifactKey: Guid(bd519f706f8c5cf4dad9fed04ab5b64b) Importer(815301076,1909f56bfc062723c751e8b465ee728b)
Start importing Assets/Course Library/Food/Food_Organic_Carrot.prefab using Guid(bd519f706f8c5cf4dad9fed04ab5b64b) Importer(815301076,1909f56bfc062723c751e8b465ee728b)  -> (artifact id: 'de56b373e9142bb9b9e505451399cc4a') in 0.058079 seconds 
========================================================================
Received Import Request.
  Time since last request: 0.016076 seconds.
  path: Assets/Course Library/Food/Food_Pizza_01.prefab
  artifactKey: Guid(06cdf427476835b42837c1ca7f8cdbd1) Importer(815301076,1909f56bfc062723c751e8b465ee728b)
Start importing Assets/Course Library/Food/Food_Pizza_01.prefab using Guid(06cdf427476835b42837c1ca7f8cdbd1) Importer(815301076,1909f56bfc062723c751e8b465ee728b)  -> (artifact id: '0b4a63e91c7a63d960303d93a86b36d1') in 0.025535 seconds 
========================================================================
Received Import Request.
  Time since last request: 0.220309 seconds.
  path: Assets/Course Library/_Source_Files/FBX/Fox.fbx
  artifactKey: Guid(f000ecb3e2f790d45bb3459ad897cb3e) Importer(815301076,1909f56bfc062723c751e8b465ee728b)
Start importing Assets/Course Library/_Source_Files/FBX/Fox.fbx using Guid(f000ecb3e2f790d45bb3459ad897cb3e) Importer(815301076,1909f56bfc062723c751e8b465ee728b)  -> (artifact id: '6f9d8f76229e877b2e38b1f7e514ed8d') in 0.287590 seconds 
========================================================================
Received Import Request.
  Time since last request: 0.000024 seconds.
  path: Assets/Course Library/_Source_Files/FBX/Items_Sandwich_01.fbx
  artifactKey: Guid(029157f85720f7749bec0a7d852a5894) Importer(815301076,1909f56bfc062723c751e8b465ee728b)
Start importing Assets/Course Library/_Source_Files/FBX/Items_Sandwich_01.fbx using Guid(029157f85720f7749bec0a7d852a5894) Importer(815301076,1909f56bfc062723c751e8b465ee728b)  -> (artifact id: '1f24311467b9df4b9fd79c86b7631ee2') in 0.014405 seconds 
========================================================================
Received Import Request.
  Time since last request: 0.412316 seconds.
  path: Assets/Course Library/_Source_Files/FBX/SI_Food_Organic_Pear_02.fbx
  artifactKey: Guid(fac3f861a349d484a91061b9ed7aa40d) Importer(815301076,1909f56bfc062723c751e8b465ee728b)
Start importing Assets/Course Library/_Source_Files/FBX/SI_Food_Organic_Pear_02.fbx using Guid(fac3f861a349d484a91061b9ed7aa40d) Importer(815301076,1909f56bfc062723c751e8b465ee728b)  -> (artifact id: '85eb5b01d88319283912889ea86426f2') in 0.024657 seconds 
========================================================================
Received Import Request.
  Time since last request: 0.019580 seconds.
  path: Assets/Course Library/Humans/SimpleFarmer_Man_01_Black.prefab
  artifactKey: Guid(f8abbdd178867d2419ba9feb6ff2cba0) Importer(815301076,1909f56bfc062723c751e8b465ee728b)
Start importing Assets/Course Library/Humans/SimpleFarmer_Man_01_Black.prefab using Guid(f8abbdd178867d2419ba9feb6ff2cba0) Importer(815301076,1909f56bfc062723c751e8b465ee728b)  -> (artifact id: '0f4636b19a65a57faa713e7860fd5d3c') in 0.230528 seconds 
========================================================================
Received Import Request.
  Time since last request: 0.000018 seconds.
  path: Assets/Course Library/Humans/SimpleFarmer_Man_02_Black.prefab
  artifactKey: Guid(fc01a3bb589cebc4aa10892db165243b) Importer(815301076,1909f56bfc062723c751e8b465ee728b)
Start importing Assets/Course Library/Humans/SimpleFarmer_Man_02_Black.prefab using Guid(fc01a3bb589cebc4aa10892db165243b) Importer(815301076,1909f56bfc062723c751e8b465ee728b)  -> (artifact id: '1a0a54686e5bf43ccb1c74444a4f4f9c') in 0.042348 seconds 
========================================================================
Received Import Request.
  Time since last request: 0.000031 seconds.
  path: Assets/Course Library/Humans/SimpleFarmer_Woman_01_Black.prefab
  artifactKey: Guid(0e1316a3e46fdb349b6ff648610a1d71) Importer(815301076,1909f56bfc062723c751e8b465ee728b)
Start importing Assets/Course Library/Humans/SimpleFarmer_Woman_01_Black.prefab using Guid(0e1316a3e46fdb349b6ff648610a1d71) Importer(815301076,1909f56bfc062723c751e8b465ee728b)  -> (artifact id: '54fbc1f2c3f74392aece2c930afe732a') in 0.032797 seconds 
========================================================================
Received Import Request.
  Time since last request: 0.000017 seconds.
  path: Assets/Course Library/Humans/SimpleFarmer_Man_02_White.prefab
  artifactKey: Guid(7b6675de545141649953fd8adec4561b) Importer(815301076,1909f56bfc062723c751e8b465ee728b)
Start importing Assets/Course Library/Humans/SimpleFarmer_Man_02_White.prefab using Guid(7b6675de545141649953fd8adec4561b) Importer(815301076,1909f56bfc062723c751e8b465ee728b)  -> (artifact id: '9aba1250469b14dad0c7ce9d4b683a75') in 0.255975 seconds 
========================================================================
Received Import Request.
  Time since last request: 0.000022 seconds.
  path: Assets/Course Library/_Source_Files/FBX/SM_Prop_Steak_01.fbx
  artifactKey: Guid(c55426ee7a822ec4c8ceed2eb60a805e) Importer(815301076,1909f56bfc062723c751e8b465ee728b)
Start importing Assets/Course Library/_Source_Files/FBX/SM_Prop_Steak_01.fbx using Guid(c55426ee7a822ec4c8ceed2eb60a805e) Importer(815301076,1909f56bfc062723c751e8b465ee728b)  -> (artifact id: '30ca305bcf45803c612805bfd313aaa9') in 0.011462 seconds 
========================================================================
Received Import Request.
  Time since last request: 0.000028 seconds.
  path: Assets/Course Library/_Source_Files/FBX/SM_Prop_Bone_01.fbx
  artifactKey: Guid(828481e15b18a254c882f17660366d71) Importer(815301076,1909f56bfc062723c751e8b465ee728b)
Start importing Assets/Course Library/_Source_Files/FBX/SM_Prop_Bone_01.fbx using Guid(828481e15b18a254c882f17660366d71) Importer(815301076,1909f56bfc062723c751e8b465ee728b)  -> (artifact id: '17a27b5e017a28e284d0df9e558ec4af') in 0.033451 seconds 
========================================================================
Received Import Request.
  Time since last request: 0.000017 seconds.
  path: Assets/Course Library/Humans/SimpleFarmer_Woman_01_White.prefab
  artifactKey: Guid(7169122e91e1981469b2b6045ddf7963) Importer(815301076,1909f56bfc062723c751e8b465ee728b)
Start importing Assets/Course Library/Humans/SimpleFarmer_Woman_01_White.prefab using Guid(7169122e91e1981469b2b6045ddf7963) Importer(815301076,1909f56bfc062723c751e8b465ee728b)  -> (artifact id: '215559842d03bd02572fc392fdf57fd6') in 0.189482 seconds 
========================================================================
Received Import Request.
  Time since last request: 89.809155 seconds.
  path: Assets/Prefabs/Animal_Fox_02.prefab
  artifactKey: Guid(044c2997d73d36a4ea2f6a097fd7b57e) Importer(815301076,1909f56bfc062723c751e8b465ee728b)
Start importing Assets/Prefabs/Animal_Fox_02.prefab using Guid(044c2997d73d36a4ea2f6a097fd7b57e) Importer(815301076,1909f56bfc062723c751e8b465ee728b)  -> (artifact id: '3b41f7f6457fae23a391bd46ecb9cd1a') in 0.023666 seconds 
========================================================================
Received Import Request.
  Time since last request: 0.000020 seconds.
  path: Assets/Prefabs/Animal_Stag_01.prefab
  artifactKey: Guid(2cbb97b978731d44b9a6c60a93058eac) Importer(815301076,1909f56bfc062723c751e8b465ee728b)
Start importing Assets/Prefabs/Animal_Stag_01.prefab using Guid(2cbb97b978731d44b9a6c60a93058eac) Importer(815301076,1909f56bfc062723c751e8b465ee728b)  -> (artifact id: 'e579f8e959ef361b6fee87e0ddd79991') in 0.016025 seconds 
========================================================================
Received Prepare
Registering precompiled user dll's ...
Registered in 0.004277 seconds.
Begin MonoManager ReloadAssembly
Symbol file LoadedFromMemory doesn't match image E:\GitHub\Unity-Learning\FeedOrDie\Library\PackageCache\com.unity.visualscripting@1.7.8\Editor\VisualScripting.Core\Dependencies\YamlDotNet\Unity.VisualScripting.YamlDotNet.dll
Symbol file LoadedFromMemory doesn't match image E:\GitHub\Unity-Learning\FeedOrDie\Library\PackageCache\com.unity.visualscripting@1.7.8\Editor\VisualScripting.Core\Dependencies\DotNetZip\Unity.VisualScripting.IonicZip.dll
Native extension for WindowsStandalone target not found
Refreshing native plugins compatible for Editor in 0.65 ms, found 3 plugins.
Preloading 0 native plugins for Editor in 0.00 ms.
Mono: successfully reloaded assembly
- Completed reload, in  0.864 seconds
Domain Reload Profiling:
	ReloadAssembly (865ms)
		BeginReloadAssembly (137ms)
			ExecutionOrderSort (0ms)
			DisableScriptedObjects (4ms)
			BackupInstance (0ms)
			ReleaseScriptingObjects (0ms)
			CreateAndSetChildDomain (33ms)
		EndReloadAssembly (642ms)
			LoadAssemblies (101ms)
			RebuildTransferFunctionScriptingTraits (0ms)
			SetupTypeCache (246ms)
			ReleaseScriptCaches (2ms)
			RebuildScriptCaches (37ms)
			SetupLoadedEditorAssemblies (251ms)
				LogAssemblyErrors (0ms)
				InitializePlatformSupportModulesInManaged (9ms)
				SetLoadedEditorAssemblies (0ms)
				RefreshPlugins (1ms)
				BeforeProcessingInitializeOnLoad (53ms)
				ProcessInitializeOnLoadAttributes (166ms)
				ProcessInitializeOnLoadMethodAttributes (19ms)
				AfterProcessingInitializeOnLoad (2ms)
				EditorAssembliesLoaded (0ms)
			ExecutionOrderSort2 (0ms)
			AwakeInstancesAfterBackupRestoration (6ms)
Platform modules already initialized, skipping
Refreshing native plugins compatible for Editor in 1.57 ms, found 3 plugins.
Preloading 0 native plugins for Editor in 0.00 ms.
Unloading 3361 Unused Serialized files (Serialized files now loaded: 0)
Unloading 20 unused Assets / (80.2 KB). Loaded Objects now: 3852.
Memory consumption went from 133.8 MB to 133.7 MB.
Total: 2.792300 ms (FindLiveObjects: 0.297500 ms CreateObjectMapping: 0.082400 ms MarkObjects: 2.326700 ms  DeleteObjects: 0.084500 ms)

AssetImportParameters requested are different than current active one (requested -> active):
  custom:video-decoder-ogg-theora: a1e56fd34408186e4bbccfd4996cb3dc -> 
  custom:container-muxer-webm: aa71ff27fc2769a1b78a27578f13a17b -> 
  custom:container-demuxer-webm: 4f35f7cbe854078d1ac9338744f61a02 -> 
  custom:video-encoder-webm-vp8: eb34c28f22e8b96e1ab97ce403110664 -> 
  custom:audio-encoder-webm-vorbis: bf7c407c2cedff20999df2af8eb42d56 -> 
  custom:framework-win-MediaFoundation: 216162199b28c13a410421893ffa2e32 -> 
  custom:container-demuxer-ogg: 62fdf1f143b41e24485cea50d1cbac27 -> 
  custom:video-decoder-webm-vp8: 9c59270c3fd7afecdb556c50c9e8de78 -> 
  custom:audio-decoder-ogg-vorbis: bf7c407c2cedff20999df2af8eb42d56 -> 
========================================================================
Received Import Request.
  Time since last request: 4.320867 seconds.
  path: Assets/Prefabs/Animal_Fox_02.prefab
  artifactKey: Guid(044c2997d73d36a4ea2f6a097fd7b57e) Importer(815301076,1909f56bfc062723c751e8b465ee728b)
Start importing Assets/Prefabs/Animal_Fox_02.prefab using Guid(044c2997d73d36a4ea2f6a097fd7b57e) Importer(815301076,1909f56bfc062723c751e8b465ee728b)  -> (artifact id: '2cea00fc6d720d4a435254d6f659b8f6') in 0.071498 seconds 
========================================================================
Received Import Request.
  Time since last request: 0.000028 seconds.
  path: Assets/Prefabs/Animal_Doe_02.prefab
  artifactKey: Guid(8918b6cc5042cc243a37f8b9d57f34b9) Importer(815301076,1909f56bfc062723c751e8b465ee728b)
Start importing Assets/Prefabs/Animal_Doe_02.prefab using Guid(8918b6cc5042cc243a37f8b9d57f34b9) Importer(815301076,1909f56bfc062723c751e8b465ee728b)  -> (artifact id: 'ea51ab34f07c1a6278452f5c80965744') in 0.012392 seconds 
========================================================================
Received Import Request.
  Time since last request: 14.603492 seconds.
  path: Assets/Prefabs/Animal_Fox_02.prefab
  artifactKey: Guid(044c2997d73d36a4ea2f6a097fd7b57e) Importer(815301076,1909f56bfc062723c751e8b465ee728b)
Start importing Assets/Prefabs/Animal_Fox_02.prefab using Guid(044c2997d73d36a4ea2f6a097fd7b57e) Importer(815301076,1909f56bfc062723c751e8b465ee728b)  -> (artifact id: 'eeb51fb46d0ac4ae28aeb04956a3edf0') in 0.014952 seconds 
========================================================================
Received Import Request.
  Time since last request: 0.000025 seconds.
  path: Assets/Prefabs/Animal_Stag_01.prefab
  artifactKey: Guid(2cbb97b978731d44b9a6c60a93058eac) Importer(815301076,1909f56bfc062723c751e8b465ee728b)
Start importing Assets/Prefabs/Animal_Stag_01.prefab using Guid(2cbb97b978731d44b9a6c60a93058eac) Importer(815301076,1909f56bfc062723c751e8b465ee728b)  -> (artifact id: 'b9c2bc97a7c93ad229c3ca2ee32cf641') in 0.012288 seconds 
========================================================================
Received Prepare
Registering precompiled user dll's ...
Registered in 0.004021 seconds.
Begin MonoManager ReloadAssembly
Symbol file LoadedFromMemory doesn't match image E:\GitHub\Unity-Learning\FeedOrDie\Library\PackageCache\com.unity.visualscripting@1.7.8\Editor\VisualScripting.Core\Dependencies\YamlDotNet\Unity.VisualScripting.YamlDotNet.dll
Symbol file LoadedFromMemory doesn't match image E:\GitHub\Unity-Learning\FeedOrDie\Library\PackageCache\com.unity.visualscripting@1.7.8\Editor\VisualScripting.Core\Dependencies\DotNetZip\Unity.VisualScripting.IonicZip.dll
Native extension for WindowsStandalone target not found
Refreshing native plugins compatible for Editor in 0.65 ms, found 3 plugins.
Preloading 0 native plugins for Editor in 0.00 ms.
Mono: successfully reloaded assembly
- Completed reload, in  0.811 seconds
Domain Reload Profiling:
	ReloadAssembly (811ms)
		BeginReloadAssembly (129ms)
			ExecutionOrderSort (0ms)
			DisableScriptedObjects (4ms)
			BackupInstance (0ms)
			ReleaseScriptingObjects (0ms)
			CreateAndSetChildDomain (33ms)
		EndReloadAssembly (600ms)
			LoadAssemblies (89ms)
			RebuildTransferFunctionScriptingTraits (0ms)
			SetupTypeCache (222ms)
			ReleaseScriptCaches (1ms)
			RebuildScriptCaches (36ms)
			SetupLoadedEditorAssemblies (240ms)
				LogAssemblyErrors (0ms)
				InitializePlatformSupportModulesInManaged (9ms)
				SetLoadedEditorAssemblies (0ms)
				RefreshPlugins (1ms)
				BeforeProcessingInitializeOnLoad (49ms)
				ProcessInitializeOnLoadAttributes (159ms)
				ProcessInitializeOnLoadMethodAttributes (19ms)
				AfterProcessingInitializeOnLoad (2ms)
				EditorAssembliesLoaded (0ms)
			ExecutionOrderSort2 (0ms)
			AwakeInstancesAfterBackupRestoration (5ms)
Platform modules already initialized, skipping
Refreshing native plugins compatible for Editor in 1.72 ms, found 3 plugins.
Preloading 0 native plugins for Editor in 0.00 ms.
Unloading 3361 Unused Serialized files (Serialized files now loaded: 0)
Unloading 20 unused Assets / (80.2 KB). Loaded Objects now: 3855.
Memory consumption went from 133.8 MB to 133.7 MB.
Total: 2.816500 ms (FindLiveObjects: 0.325700 ms CreateObjectMapping: 0.082700 ms MarkObjects: 2.295900 ms  DeleteObjects: 0.110400 ms)

AssetImportParameters requested are different than current active one (requested -> active):
  custom:video-decoder-ogg-theora: a1e56fd34408186e4bbccfd4996cb3dc -> 
  custom:container-muxer-webm: aa71ff27fc2769a1b78a27578f13a17b -> 
  custom:container-demuxer-webm: 4f35f7cbe854078d1ac9338744f61a02 -> 
  custom:video-encoder-webm-vp8: eb34c28f22e8b96e1ab97ce403110664 -> 
  custom:audio-encoder-webm-vorbis: bf7c407c2cedff20999df2af8eb42d56 -> 
  custom:framework-win-MediaFoundation: 216162199b28c13a410421893ffa2e32 -> 
  custom:container-demuxer-ogg: 62fdf1f143b41e24485cea50d1cbac27 -> 
  custom:video-decoder-webm-vp8: 9c59270c3fd7afecdb556c50c9e8de78 -> 
  custom:audio-decoder-ogg-vorbis: bf7c407c2cedff20999df2af8eb42d56 -> 
========================================================================
Received Import Request.
  Time since last request: 4.049338 seconds.
  path: Assets/Prefabs/Animal_Fox_02.prefab
  artifactKey: Guid(044c2997d73d36a4ea2f6a097fd7b57e) Importer(815301076,1909f56bfc062723c751e8b465ee728b)
Start importing Assets/Prefabs/Animal_Fox_02.prefab using Guid(044c2997d73d36a4ea2f6a097fd7b57e) Importer(815301076,1909f56bfc062723c751e8b465ee728b)  -> (artifact id: '9f26efdb7f72bce23fd49b6fe501af1e') in 0.071982 seconds 
========================================================================
Received Import Request.
  Time since last request: 0.000026 seconds.
  path: Assets/Prefabs/Animal_Doe_02.prefab
  artifactKey: Guid(8918b6cc5042cc243a37f8b9d57f34b9) Importer(815301076,1909f56bfc062723c751e8b465ee728b)
Start importing Assets/Prefabs/Animal_Doe_02.prefab using Guid(8918b6cc5042cc243a37f8b9d57f34b9) Importer(815301076,1909f56bfc062723c751e8b465ee728b)  -> (artifact id: '2e3ebc23bdb5fd36f2b763c34b70f760') in 0.015440 seconds 
========================================================================
Received Prepare
Registering precompiled user dll's ...
Registered in 0.004004 seconds.
Begin MonoManager ReloadAssembly
Symbol file LoadedFromMemory doesn't match image E:\GitHub\Unity-Learning\FeedOrDie\Library\PackageCache\com.unity.visualscripting@1.7.8\Editor\VisualScripting.Core\Dependencies\YamlDotNet\Unity.VisualScripting.YamlDotNet.dll
Symbol file LoadedFromMemory doesn't match image E:\GitHub\Unity-Learning\FeedOrDie\Library\PackageCache\com.unity.visualscripting@1.7.8\Editor\VisualScripting.Core\Dependencies\DotNetZip\Unity.VisualScripting.IonicZip.dll
Native extension for WindowsStandalone target not found
Refreshing native plugins compatible for Editor in 0.91 ms, found 3 plugins.
Preloading 0 native plugins for Editor in 0.00 ms.
Mono: successfully reloaded assembly
- Completed reload, in  0.801 seconds
Domain Reload Profiling:
	ReloadAssembly (802ms)
		BeginReloadAssembly (132ms)
			ExecutionOrderSort (0ms)
			DisableScriptedObjects (4ms)
			BackupInstance (0ms)
			ReleaseScriptingObjects (0ms)
			CreateAndSetChildDomain (33ms)
		EndReloadAssembly (586ms)
			LoadAssemblies (94ms)
			RebuildTransferFunctionScriptingTraits (0ms)
			SetupTypeCache (215ms)
			ReleaseScriptCaches (1ms)
			RebuildScriptCaches (32ms)
			SetupLoadedEditorAssemblies (237ms)
				LogAssemblyErrors (0ms)
				InitializePlatformSupportModulesInManaged (9ms)
				SetLoadedEditorAssemblies (0ms)
				RefreshPlugins (1ms)
				BeforeProcessingInitializeOnLoad (49ms)
				ProcessInitializeOnLoadAttributes (157ms)
				ProcessInitializeOnLoadMethodAttributes (18ms)
				AfterProcessingInitializeOnLoad (2ms)
				EditorAssembliesLoaded (0ms)
			ExecutionOrderSort2 (0ms)
			AwakeInstancesAfterBackupRestoration (5ms)
Platform modules already initialized, skipping
Refreshing native plugins compatible for Editor in 1.74 ms, found 3 plugins.
Preloading 0 native plugins for Editor in 0.00 ms.
Unloading 3361 Unused Serialized files (Serialized files now loaded: 0)
Unloading 20 unused Assets / (80.3 KB). Loaded Objects now: 3858.
Memory consumption went from 133.8 MB to 133.8 MB.
Total: 2.800700 ms (FindLiveObjects: 0.291100 ms CreateObjectMapping: 0.080300 ms MarkObjects: 2.314000 ms  DeleteObjects: 0.114200 ms)

AssetImportParameters requested are different than current active one (requested -> active):
  custom:video-decoder-ogg-theora: a1e56fd34408186e4bbccfd4996cb3dc -> 
  custom:container-muxer-webm: aa71ff27fc2769a1b78a27578f13a17b -> 
  custom:container-demuxer-webm: 4f35f7cbe854078d1ac9338744f61a02 -> 
  custom:video-encoder-webm-vp8: eb34c28f22e8b96e1ab97ce403110664 -> 
  custom:audio-encoder-webm-vorbis: bf7c407c2cedff20999df2af8eb42d56 -> 
  custom:framework-win-MediaFoundation: 216162199b28c13a410421893ffa2e32 -> 
  custom:container-demuxer-ogg: 62fdf1f143b41e24485cea50d1cbac27 -> 
  custom:video-decoder-webm-vp8: 9c59270c3fd7afecdb556c50c9e8de78 -> 
  custom:audio-decoder-ogg-vorbis: bf7c407c2cedff20999df2af8eb42d56 -> 
========================================================================
Received Prepare
Registering precompiled user dll's ...
Registered in 0.005430 seconds.
Begin MonoManager ReloadAssembly
Symbol file LoadedFromMemory doesn't match image E:\GitHub\Unity-Learning\FeedOrDie\Library\PackageCache\com.unity.visualscripting@1.7.8\Editor\VisualScripting.Core\Dependencies\YamlDotNet\Unity.VisualScripting.YamlDotNet.dll
Symbol file LoadedFromMemory doesn't match image E:\GitHub\Unity-Learning\FeedOrDie\Library\PackageCache\com.unity.visualscripting@1.7.8\Editor\VisualScripting.Core\Dependencies\DotNetZip\Unity.VisualScripting.IonicZip.dll
Native extension for WindowsStandalone target not found
Refreshing native plugins compatible for Editor in 0.70 ms, found 3 plugins.
Preloading 0 native plugins for Editor in 0.00 ms.
Mono: successfully reloaded assembly
- Completed reload, in  0.856 seconds
Domain Reload Profiling:
	ReloadAssembly (857ms)
		BeginReloadAssembly (122ms)
			ExecutionOrderSort (0ms)
			DisableScriptedObjects (4ms)
			BackupInstance (0ms)
			ReleaseScriptingObjects (0ms)
			CreateAndSetChildDomain (31ms)
		EndReloadAssembly (650ms)
			LoadAssemblies (84ms)
			RebuildTransferFunctionScriptingTraits (0ms)
			SetupTypeCache (250ms)
			ReleaseScriptCaches (1ms)
			RebuildScriptCaches (37ms)
			SetupLoadedEditorAssemblies (258ms)
				LogAssemblyErrors (0ms)
				InitializePlatformSupportModulesInManaged (9ms)
				SetLoadedEditorAssemblies (0ms)
				RefreshPlugins (1ms)
				BeforeProcessingInitializeOnLoad (52ms)
				ProcessInitializeOnLoadAttributes (171ms)
				ProcessInitializeOnLoadMethodAttributes (22ms)
				AfterProcessingInitializeOnLoad (2ms)
				EditorAssembliesLoaded (0ms)
			ExecutionOrderSort2 (0ms)
			AwakeInstancesAfterBackupRestoration (6ms)
Platform modules already initialized, skipping
Refreshing native plugins compatible for Editor in 1.62 ms, found 3 plugins.
Preloading 0 native plugins for Editor in 0.00 ms.
Unloading 3361 Unused Serialized files (Serialized files now loaded: 0)
Unloading 20 unused Assets / (80.3 KB). Loaded Objects now: 3861.
Memory consumption went from 133.8 MB to 133.8 MB.
Total: 3.053200 ms (FindLiveObjects: 0.355000 ms CreateObjectMapping: 0.084600 ms MarkObjects: 2.476800 ms  DeleteObjects: 0.135700 ms)

AssetImportParameters requested are different than current active one (requested -> active):
  custom:video-decoder-ogg-theora: a1e56fd34408186e4bbccfd4996cb3dc -> 
  custom:container-muxer-webm: aa71ff27fc2769a1b78a27578f13a17b -> 
  custom:container-demuxer-webm: 4f35f7cbe854078d1ac9338744f61a02 -> 
  custom:video-encoder-webm-vp8: eb34c28f22e8b96e1ab97ce403110664 -> 
  custom:audio-encoder-webm-vorbis: bf7c407c2cedff20999df2af8eb42d56 -> 
  custom:framework-win-MediaFoundation: 216162199b28c13a410421893ffa2e32 -> 
  custom:container-demuxer-ogg: 62fdf1f143b41e24485cea50d1cbac27 -> 
  custom:video-decoder-webm-vp8: 9c59270c3fd7afecdb556c50c9e8de78 -> 
  custom:audio-decoder-ogg-vorbis: bf7c407c2cedff20999df2af8eb42d56 -> 
========================================================================
Received Import Request.
  Time since last request: 294.900820 seconds.
  path: Assets/Course Library/Materials/Material_Grass.mat
  artifactKey: Guid(42b224efc5a8c4863a87e224a72bb1ea) Importer(815301076,1909f56bfc062723c751e8b465ee728b)
Start importing Assets/Course Library/Materials/Material_Grass.mat using Guid(42b224efc5a8c4863a87e224a72bb1ea) Importer(815301076,1909f56bfc062723c751e8b465ee728b)  -> (artifact id: '1a8d3195b7edde238d1e3977652a05f6') in 0.120799 seconds 
========================================================================
Received Import Request.
  Time since last request: 0.000034 seconds.
  path: Assets/Course Library/Materials/Material_Gravel.mat
  artifactKey: Guid(238e68fd68e894d1fa27387d26f026f0) Importer(815301076,1909f56bfc062723c751e8b465ee728b)
Start importing Assets/Course Library/Materials/Material_Gravel.mat using Guid(238e68fd68e894d1fa27387d26f026f0) Importer(815301076,1909f56bfc062723c751e8b465ee728b)  -> (artifact id: 'e2b72829f7623e6e4fccef0b3a597d83') in 0.196402 seconds 
========================================================================
Received Import Request.
  Time since last request: 1.002017 seconds.
  path: Assets/Prefabs/Animal_Fox_02.prefab
  artifactKey: Guid(044c2997d73d36a4ea2f6a097fd7b57e) Importer(815301076,1909f56bfc062723c751e8b465ee728b)
Start importing Assets/Prefabs/Animal_Fox_02.prefab using Guid(044c2997d73d36a4ea2f6a097fd7b57e) Importer(815301076,1909f56bfc062723c751e8b465ee728b)  -> (artifact id: '6581fc0362719ddd32d9be515798d686') in 0.024773 seconds 
========================================================================
Received Import Request.
  Time since last request: 0.000019 seconds.
  path: Assets/Prefabs/Animal_Stag_01.prefab
  artifactKey: Guid(2cbb97b978731d44b9a6c60a93058eac) Importer(815301076,1909f56bfc062723c751e8b465ee728b)
Start importing Assets/Prefabs/Animal_Stag_01.prefab using Guid(2cbb97b978731d44b9a6c60a93058eac) Importer(815301076,1909f56bfc062723c751e8b465ee728b)  -> (artifact id: '3ecd9dc57de6cd25ce5f4fd6435d757d') in 0.018774 seconds 
